[debug] [2020-10-16T06:08:14.105Z] ----------------------------------------------------------------------
[debug] [2020-10-16T06:08:14.110Z] Command:       C:\Program Files\nodejs\node.exe C:\Users\Tanut\AppData\Roaming\npm\node_modules\firebase-tools\lib\bin\firebase.js login
[debug] [2020-10-16T06:08:14.111Z] CLI Version:   8.12.1
[debug] [2020-10-16T06:08:14.111Z] Platform:      win32
[debug] [2020-10-16T06:08:14.111Z] Node Version:  v12.16.1
[debug] [2020-10-16T06:08:14.115Z] Time:          Fri Oct 16 2020 13:08:14 GMT+0700 (Indochina Time)
[debug] [2020-10-16T06:08:14.115Z] ----------------------------------------------------------------------
[debug] [2020-10-16T06:08:14.116Z] 
[info] i  Firebase optionally collects CLI usage and error reporting information to help improve our products. Data is collected in accordance with Google's privacy policy (https://policies.google.com/privacy) and is not used to identify you.
 
[info] 
[info] Visit this URL on this device to log in:
[info] https://accounts.google.com/o/oauth2/auth?client_id=563584335869-fgrhgmd47bqnekij5i8b5pr03ho849e6.apps.googleusercontent.com&scope=email%20openid%20https%3A%2F%2Fwww.googleapis.com%2Fauth%2Fcloudplatformprojects.readonly%20https%3A%2F%2Fwww.googleapis.com%2Fauth%2Ffirebase%20https%3A%2F%2Fwww.googleapis.com%2Fauth%2Fcloud-platform&response_type=code&state=1062771150&redirect_uri=http%3A%2F%2Flocalhost%3A9005
[info] 
[info] Waiting for authentication...
[debug] [2020-10-16T06:08:15.874Z] Error: spawn cmd ENOENT
    at Process.ChildProcess._handle.onexit (internal/child_process.js:267:19)
    at onErrorNT (internal/child_process.js:469:16)
    at processTicksAndRejections (internal/process/task_queues.js:84:21)
[error] 
[error] Error: An unexpected error has occurred.
[debug] [2020-10-16T06:08:25.527Z] ----------------------------------------------------------------------
[debug] [2020-10-16T06:08:25.532Z] Command:       C:\Program Files\nodejs\node.exe C:\Users\Tanut\AppData\Roaming\npm\node_modules\firebase-tools\lib\bin\firebase.js login
[debug] [2020-10-16T06:08:25.533Z] CLI Version:   8.12.1
[debug] [2020-10-16T06:08:25.533Z] Platform:      win32
[debug] [2020-10-16T06:08:25.533Z] Node Version:  v12.16.1
[debug] [2020-10-16T06:08:25.537Z] Time:          Fri Oct 16 2020 13:08:25 GMT+0700 (Indochina Time)
[debug] [2020-10-16T06:08:25.537Z] ----------------------------------------------------------------------
[debug] [2020-10-16T06:08:25.538Z] 
[info] i  Firebase optionally collects CLI usage and error reporting information to help improve our products. Data is collected in accordance with Google's privacy policy (https://policies.google.com/privacy) and is not used to identify you.
 
[info] i  To change your data collection preference at any time, run `firebase logout` and log in again. 
[info] 
[info] Visit this URL on this device to log in:
[info] https://accounts.google.com/o/oauth2/auth?client_id=563584335869-fgrhgmd47bqnekij5i8b5pr03ho849e6.apps.googleusercontent.com&scope=email%20openid%20https%3A%2F%2Fwww.googleapis.com%2Fauth%2Fcloudplatformprojects.readonly%20https%3A%2F%2Fwww.googleapis.com%2Fauth%2Ffirebase%20https%3A%2F%2Fwww.googleapis.com%2Fauth%2Fcloud-platform&response_type=code&state=874654358&redirect_uri=http%3A%2F%2Flocalhost%3A9005
[info] 
[info] Waiting for authentication...
[debug] [2020-10-16T06:08:27.020Z] Error: spawn cmd ENOENT
    at Process.ChildProcess._handle.onexit (internal/child_process.js:267:19)
    at onErrorNT (internal/child_process.js:469:16)
    at processTicksAndRejections (internal/process/task_queues.js:84:21)
[error] 
[error] Error: An unexpected error has occurred.
[debug] [2020-10-16T06:08:47.561Z] ----------------------------------------------------------------------
[debug] [2020-10-16T06:08:47.566Z] Command:       C:\Program Files\nodejs\node.exe C:\Users\Tanut\AppData\Roaming\npm\node_modules\firebase-tools\lib\bin\firebase.js login
[debug] [2020-10-16T06:08:47.567Z] CLI Version:   8.12.1
[debug] [2020-10-16T06:08:47.567Z] Platform:      win32
[debug] [2020-10-16T06:08:47.567Z] Node Version:  v12.16.1
[debug] [2020-10-16T06:08:47.570Z] Time:          Fri Oct 16 2020 13:08:47 GMT+0700 (Indochina Time)
[debug] [2020-10-16T06:08:47.571Z] ----------------------------------------------------------------------
[debug] [2020-10-16T06:08:47.571Z] 
[info] i  Firebase optionally collects CLI usage and error reporting information to help improve our products. Data is collected in accordance with Google's privacy policy (https://policies.google.com/privacy) and is not used to identify you.
 
[info] i  To change your data collection preference at any time, run `firebase logout` and log in again. 
[info] 
[info] Visit this URL on this device to log in:
[info] https://accounts.google.com/o/oauth2/auth?client_id=563584335869-fgrhgmd47bqnekij5i8b5pr03ho849e6.apps.googleusercontent.com&scope=email%20openid%20https%3A%2F%2Fwww.googleapis.com%2Fauth%2Fcloudplatformprojects.readonly%20https%3A%2F%2Fwww.googleapis.com%2Fauth%2Ffirebase%20https%3A%2F%2Fwww.googleapis.com%2Fauth%2Fcloud-platform&response_type=code&state=880777811&redirect_uri=http%3A%2F%2Flocalhost%3A9005
[info] 
[info] Waiting for authentication...
[debug] [2020-10-16T06:08:53.248Z] Error: spawn cmd ENOENT
    at Process.ChildProcess._handle.onexit (internal/child_process.js:267:19)
    at onErrorNT (internal/child_process.js:469:16)
    at processTicksAndRejections (internal/process/task_queues.js:84:21)
[error] 
[error] Error: An unexpected error has occurred.
[debug] [2020-10-16T06:13:41.255Z] ----------------------------------------------------------------------
[debug] [2020-10-16T06:13:41.263Z] Command:       C:\Program Files\nodejs\node.exe C:\Users\Tanut\AppData\Roaming\npm\node_modules\firebase-tools\lib\bin\firebase.js login
[debug] [2020-10-16T06:13:41.263Z] CLI Version:   8.12.1
[debug] [2020-10-16T06:13:41.263Z] Platform:      win32
[debug] [2020-10-16T06:13:41.264Z] Node Version:  v12.16.1
[debug] [2020-10-16T06:13:41.267Z] Time:          Fri Oct 16 2020 13:13:41 GMT+0700 (Indochina Time)
[debug] [2020-10-16T06:13:41.267Z] ----------------------------------------------------------------------
[debug] [2020-10-16T06:13:41.268Z] 
[info] i  Firebase optionally collects CLI usage and error reporting information to help improve our products. Data is collected in accordance with Google's privacy policy (https://policies.google.com/privacy) and is not used to identify you.
 
[info] i  To change your data collection preference at any time, run `firebase logout` and log in again. 
[info] 
[info] Visit this URL on this device to log in:
[info] https://accounts.google.com/o/oauth2/auth?client_id=563584335869-fgrhgmd47bqnekij5i8b5pr03ho849e6.apps.googleusercontent.com&scope=email%20openid%20https%3A%2F%2Fwww.googleapis.com%2Fauth%2Fcloudplatformprojects.readonly%20https%3A%2F%2Fwww.googleapis.com%2Fauth%2Ffirebase%20https%3A%2F%2Fwww.googleapis.com%2Fauth%2Fcloud-platform&response_type=code&state=184744084&redirect_uri=http%3A%2F%2Flocalhost%3A9005
[info] 
[info] Waiting for authentication...
[debug] [2020-10-16T06:13:42.755Z] Error: spawn cmd ENOENT
    at Process.ChildProcess._handle.onexit (internal/child_process.js:267:19)
    at onErrorNT (internal/child_process.js:469:16)
    at processTicksAndRejections (internal/process/task_queues.js:84:21)
[error] 
[error] Error: An unexpected error has occurred.
[debug] [2020-10-16T06:15:53.504Z] ----------------------------------------------------------------------
[debug] [2020-10-16T06:15:53.509Z] Command:       C:\Program Files\nodejs\node.exe C:\Users\Tanut\AppData\Roaming\npm\node_modules\firebase-tools\lib\bin\firebase.js login:ci
[debug] [2020-10-16T06:15:53.510Z] CLI Version:   8.12.1
[debug] [2020-10-16T06:15:53.510Z] Platform:      win32
[debug] [2020-10-16T06:15:53.510Z] Node Version:  v12.16.1
[debug] [2020-10-16T06:15:53.514Z] Time:          Fri Oct 16 2020 13:15:53 GMT+0700 (Indochina Time)
[debug] [2020-10-16T06:15:53.514Z] ----------------------------------------------------------------------
[debug] [2020-10-16T06:15:53.515Z] 
[info] 
[info] Visit this URL on this device to log in:
[info] https://accounts.google.com/o/oauth2/auth?client_id=563584335869-fgrhgmd47bqnekij5i8b5pr03ho849e6.apps.googleusercontent.com&scope=email%20openid%20https%3A%2F%2Fwww.googleapis.com%2Fauth%2Fcloudplatformprojects.readonly%20https%3A%2F%2Fwww.googleapis.com%2Fauth%2Ffirebase%20https%3A%2F%2Fwww.googleapis.com%2Fauth%2Fcloud-platform&response_type=code&state=733442572&redirect_uri=http%3A%2F%2Flocalhost%3A9005
[info] 
[info] Waiting for authentication...
[debug] [2020-10-16T06:15:53.611Z] Error: spawn cmd ENOENT
    at Process.ChildProcess._handle.onexit (internal/child_process.js:267:19)
    at onErrorNT (internal/child_process.js:469:16)
    at processTicksAndRejections (internal/process/task_queues.js:84:21)
[error] 
[error] Error: An unexpected error has occurred.
[debug] [2020-10-16T06:16:48.880Z] ----------------------------------------------------------------------
[debug] [2020-10-16T06:16:48.888Z] Command:       C:\Program Files\nodejs\node.exe C:\Users\Tanut\AppData\Roaming\npm\node_modules\firebase-tools\lib\bin\firebase.js login --no-localhost
[debug] [2020-10-16T06:16:48.889Z] CLI Version:   8.12.1
[debug] [2020-10-16T06:16:48.889Z] Platform:      win32
[debug] [2020-10-16T06:16:48.889Z] Node Version:  v12.16.1
[debug] [2020-10-16T06:16:48.892Z] Time:          Fri Oct 16 2020 13:16:48 GMT+0700 (Indochina Time)
[debug] [2020-10-16T06:16:48.893Z] ----------------------------------------------------------------------
[debug] [2020-10-16T06:16:48.893Z] 
[info] i  Firebase optionally collects CLI usage and error reporting information to help improve our products. Data is collected in accordance with Google's privacy policy (https://policies.google.com/privacy) and is not used to identify you.
 
[info] i  To change your data collection preference at any time, run `firebase logout` and log in again. 
[info] 
[info] Visit this URL on any device to log in:
[info] https://accounts.google.com/o/oauth2/auth?client_id=563584335869-fgrhgmd47bqnekij5i8b5pr03ho849e6.apps.googleusercontent.com&scope=email%20openid%20https%3A%2F%2Fwww.googleapis.com%2Fauth%2Fcloudplatformprojects.readonly%20https%3A%2F%2Fwww.googleapis.com%2Fauth%2Ffirebase%20https%3A%2F%2Fwww.googleapis.com%2Fauth%2Fcloud-platform&response_type=code&state=9206647&redirect_uri=urn%3Aietf%3Awg%3Aoauth%3A2.0%3Aoob
[info] 
[debug] [2020-10-16T06:16:50.593Z] Error: spawn cmd ENOENT
    at Process.ChildProcess._handle.onexit (internal/child_process.js:267:19)
    at onErrorNT (internal/child_process.js:469:16)
    at processTicksAndRejections (internal/process/task_queues.js:84:21)
[error] 
[error] Error: An unexpected error has occurred.
[debug] [2020-10-16T06:18:44.200Z] ----------------------------------------------------------------------
[debug] [2020-10-16T06:18:44.207Z] Command:       C:\Program Files\nodejs\node.exe C:\Users\Tanut\AppData\Roaming\npm\node_modules\firebase-tools\lib\bin\firebase.js login --no-localhost
[debug] [2020-10-16T06:18:44.208Z] CLI Version:   8.12.1
[debug] [2020-10-16T06:18:44.208Z] Platform:      win32
[debug] [2020-10-16T06:18:44.209Z] Node Version:  v12.16.1
[debug] [2020-10-16T06:18:44.212Z] Time:          Fri Oct 16 2020 13:18:44 GMT+0700 (Indochina Time)
[debug] [2020-10-16T06:18:44.214Z] ----------------------------------------------------------------------
[debug] [2020-10-16T06:18:44.215Z] 
[info] i  Firebase optionally collects CLI usage and error reporting information to help improve our products. Data is collected in accordance with Google's privacy policy (https://policies.google.com/privacy) and is not used to identify you.
 
[info] i  To change your data collection preference at any time, run `firebase logout` and log in again. 
[info] 
[info] Visit this URL on any device to log in:
[info] https://accounts.google.com/o/oauth2/auth?client_id=563584335869-fgrhgmd47bqnekij5i8b5pr03ho849e6.apps.googleusercontent.com&scope=email%20openid%20https%3A%2F%2Fwww.googleapis.com%2Fauth%2Fcloudplatformprojects.readonly%20https%3A%2F%2Fwww.googleapis.com%2Fauth%2Ffirebase%20https%3A%2F%2Fwww.googleapis.com%2Fauth%2Fcloud-platform&response_type=code&state=177977668&redirect_uri=urn%3Aietf%3Awg%3Aoauth%3A2.0%3Aoob
[info] 
[debug] [2020-10-16T06:18:52.333Z] Error: spawn cmd ENOENT
    at Process.ChildProcess._handle.onexit (internal/child_process.js:267:19)
    at onErrorNT (internal/child_process.js:469:16)
    at processTicksAndRejections (internal/process/task_queues.js:84:21)
[error] 
[error] Error: An unexpected error has occurred.
[debug] [2020-10-16T06:29:29.648Z] ----------------------------------------------------------------------
[debug] [2020-10-16T06:29:29.654Z] Command:       C:\Program Files\nodejs\node.exe C:\Users\Tanut\AppData\Roaming\npm\node_modules\firebase-tools\lib\bin\firebase.js login --no-localhost
[debug] [2020-10-16T06:29:29.654Z] CLI Version:   8.12.1
[debug] [2020-10-16T06:29:29.655Z] Platform:      win32
[debug] [2020-10-16T06:29:29.655Z] Node Version:  v12.16.1
[debug] [2020-10-16T06:29:29.658Z] Time:          Fri Oct 16 2020 13:29:29 GMT+0700 (Indochina Time)
[debug] [2020-10-16T06:29:29.659Z] ----------------------------------------------------------------------
[debug] [2020-10-16T06:29:29.659Z] 
[info] i  Firebase optionally collects CLI usage and error reporting information to help improve our products. Data is collected in accordance with Google's privacy policy (https://policies.google.com/privacy) and is not used to identify you.
 
[info] i  To change your data collection preference at any time, run `firebase logout` and log in again. 
[info] 
[info] Visit this URL on any device to log in:
[info] https://accounts.google.com/o/oauth2/auth?client_id=563584335869-fgrhgmd47bqnekij5i8b5pr03ho849e6.apps.googleusercontent.com&scope=email%20openid%20https%3A%2F%2Fwww.googleapis.com%2Fauth%2Fcloudplatformprojects.readonly%20https%3A%2F%2Fwww.googleapis.com%2Fauth%2Ffirebase%20https%3A%2F%2Fwww.googleapis.com%2Fauth%2Fcloud-platform&response_type=code&state=914747984&redirect_uri=urn%3Aietf%3Awg%3Aoauth%3A2.0%3Aoob
[info] 
[debug] [2020-10-16T06:29:31.364Z] Error: spawn cmd ENOENT
    at Process.ChildProcess._handle.onexit (internal/child_process.js:267:19)
    at onErrorNT (internal/child_process.js:469:16)
    at processTicksAndRejections (internal/process/task_queues.js:84:21)
[error] 
[error] Error: An unexpected error has occurred.
[debug] [2020-10-16T06:29:40.516Z] ----------------------------------------------------------------------
[debug] [2020-10-16T06:29:40.521Z] Command:       C:\Program Files\nodejs\node.exe C:\Users\Tanut\AppData\Roaming\npm\node_modules\firebase-tools\lib\bin\firebase.js login:ci
[debug] [2020-10-16T06:29:40.522Z] CLI Version:   8.12.1
[debug] [2020-10-16T06:29:40.522Z] Platform:      win32
[debug] [2020-10-16T06:29:40.522Z] Node Version:  v12.16.1
[debug] [2020-10-16T06:29:40.526Z] Time:          Fri Oct 16 2020 13:29:40 GMT+0700 (Indochina Time)
[debug] [2020-10-16T06:29:40.527Z] ----------------------------------------------------------------------
[debug] [2020-10-16T06:29:40.527Z] 
[info] 
[info] Visit this URL on this device to log in:
[info] https://accounts.google.com/o/oauth2/auth?client_id=563584335869-fgrhgmd47bqnekij5i8b5pr03ho849e6.apps.googleusercontent.com&scope=email%20openid%20https%3A%2F%2Fwww.googleapis.com%2Fauth%2Fcloudplatformprojects.readonly%20https%3A%2F%2Fwww.googleapis.com%2Fauth%2Ffirebase%20https%3A%2F%2Fwww.googleapis.com%2Fauth%2Fcloud-platform&response_type=code&state=631560962&redirect_uri=http%3A%2F%2Flocalhost%3A9005
[info] 
[info] Waiting for authentication...
[debug] [2020-10-16T06:29:40.610Z] Error: spawn cmd ENOENT
    at Process.ChildProcess._handle.onexit (internal/child_process.js:267:19)
    at onErrorNT (internal/child_process.js:469:16)
    at processTicksAndRejections (internal/process/task_queues.js:84:21)
[error] 
[error] Error: An unexpected error has occurred.
[debug] [2020-10-16T09:51:24.211Z] ----------------------------------------------------------------------
[debug] [2020-10-16T09:51:24.214Z] Command:       C:\Program Files\nodejs\node.exe C:\Users\Tanut\AppData\Roaming\npm\node_modules\firebase-tools\lib\bin\firebase.js login:ci
[debug] [2020-10-16T09:51:24.214Z] CLI Version:   8.12.1
[debug] [2020-10-16T09:51:24.214Z] Platform:      win32
[debug] [2020-10-16T09:51:24.214Z] Node Version:  v12.16.1
[debug] [2020-10-16T09:51:24.227Z] Time:          Fri Oct 16 2020 16:51:24 GMT+0700 (Indochina Time)
[debug] [2020-10-16T09:51:24.227Z] ----------------------------------------------------------------------
[debug] [2020-10-16T09:51:24.228Z] 
[info] 
[info] Visit this URL on this device to log in:
[info] https://accounts.google.com/o/oauth2/auth?client_id=563584335869-fgrhgmd47bqnekij5i8b5pr03ho849e6.apps.googleusercontent.com&scope=email%20openid%20https%3A%2F%2Fwww.googleapis.com%2Fauth%2Fcloudplatformprojects.readonly%20https%3A%2F%2Fwww.googleapis.com%2Fauth%2Ffirebase%20https%3A%2F%2Fwww.googleapis.com%2Fauth%2Fcloud-platform&response_type=code&state=238694545&redirect_uri=http%3A%2F%2Flocalhost%3A9005
[info] 
[info] Waiting for authentication...
[debug] [2020-10-16T09:51:24.281Z] Error: spawn cmd ENOENT
    at Process.ChildProcess._handle.onexit (internal/child_process.js:267:19)
    at onErrorNT (internal/child_process.js:469:16)
    at processTicksAndRejections (internal/process/task_queues.js:84:21)
[error] 
[error] Error: An unexpected error has occurred.
[debug] [2020-10-16T09:51:58.933Z] ----------------------------------------------------------------------
[debug] [2020-10-16T09:51:58.937Z] Command:       C:\Program Files\nodejs\node.exe C:\Users\Tanut\AppData\Roaming\npm\node_modules\firebase-tools\lib\bin\firebase.js login
[debug] [2020-10-16T09:51:58.937Z] CLI Version:   8.12.1
[debug] [2020-10-16T09:51:58.937Z] Platform:      win32
[debug] [2020-10-16T09:51:58.937Z] Node Version:  v12.16.1
[debug] [2020-10-16T09:51:58.939Z] Time:          Fri Oct 16 2020 16:51:58 GMT+0700 (Indochina Time)
[debug] [2020-10-16T09:51:58.939Z] ----------------------------------------------------------------------
[debug] [2020-10-16T09:51:58.939Z] 
[info] i  Firebase optionally collects CLI usage and error reporting information to help improve our products. Data is collected in accordance with Google's privacy policy (https://policies.google.com/privacy) and is not used to identify you.
 
[info] i  To change your data collection preference at any time, run `firebase logout` and log in again. 
[info] 
[info] Visit this URL on this device to log in:
[info] https://accounts.google.com/o/oauth2/auth?client_id=563584335869-fgrhgmd47bqnekij5i8b5pr03ho849e6.apps.googleusercontent.com&scope=email%20openid%20https%3A%2F%2Fwww.googleapis.com%2Fauth%2Fcloudplatformprojects.readonly%20https%3A%2F%2Fwww.googleapis.com%2Fauth%2Ffirebase%20https%3A%2F%2Fwww.googleapis.com%2Fauth%2Fcloud-platform&response_type=code&state=202736965&redirect_uri=http%3A%2F%2Flocalhost%3A9005
[info] 
[info] Waiting for authentication...
[debug] [2020-10-16T09:52:00.048Z] Error: spawn cmd ENOENT
    at Process.ChildProcess._handle.onexit (internal/child_process.js:267:19)
    at onErrorNT (internal/child_process.js:469:16)
    at processTicksAndRejections (internal/process/task_queues.js:84:21)
[error] 
[error] Error: An unexpected error has occurred.
[debug] [2020-10-16T09:52:27.217Z] ----------------------------------------------------------------------
[debug] [2020-10-16T09:52:27.220Z] Command:       C:\Program Files\nodejs\node.exe C:\Users\Tanut\AppData\Roaming\npm\node_modules\firebase-tools\lib\bin\firebase.js login --no-localhost
[debug] [2020-10-16T09:52:27.220Z] CLI Version:   8.12.1
[debug] [2020-10-16T09:52:27.220Z] Platform:      win32
[debug] [2020-10-16T09:52:27.221Z] Node Version:  v12.16.1
[debug] [2020-10-16T09:52:27.223Z] Time:          Fri Oct 16 2020 16:52:27 GMT+0700 (Indochina Time)
[debug] [2020-10-16T09:52:27.223Z] ----------------------------------------------------------------------
[debug] [2020-10-16T09:52:27.223Z] 
[info] i  Firebase optionally collects CLI usage and error reporting information to help improve our products. Data is collected in accordance with Google's privacy policy (https://policies.google.com/privacy) and is not used to identify you.
 
[info] i  To change your data collection preference at any time, run `firebase logout` and log in again. 
[info] 
[info] Visit this URL on any device to log in:
[info] https://accounts.google.com/o/oauth2/auth?client_id=563584335869-fgrhgmd47bqnekij5i8b5pr03ho849e6.apps.googleusercontent.com&scope=email%20openid%20https%3A%2F%2Fwww.googleapis.com%2Fauth%2Fcloudplatformprojects.readonly%20https%3A%2F%2Fwww.googleapis.com%2Fauth%2Ffirebase%20https%3A%2F%2Fwww.googleapis.com%2Fauth%2Fcloud-platform&response_type=code&state=86306086&redirect_uri=urn%3Aietf%3Awg%3Aoauth%3A2.0%3Aoob
[info] 
[debug] [2020-10-16T09:52:30.036Z] Error: spawn cmd ENOENT
    at Process.ChildProcess._handle.onexit (internal/child_process.js:267:19)
    at onErrorNT (internal/child_process.js:469:16)
    at processTicksAndRejections (internal/process/task_queues.js:84:21)
[error] 
[error] Error: An unexpected error has occurred.
[debug] [2020-10-16T09:56:33.855Z] ----------------------------------------------------------------------
[debug] [2020-10-16T09:56:33.858Z] Command:       C:\Program Files\nodejs\node.exe C:\Users\Tanut\AppData\Roaming\npm\node_modules\firebase-tools\lib\bin\firebase.js login --interactive
[debug] [2020-10-16T09:56:33.858Z] CLI Version:   8.12.1
[debug] [2020-10-16T09:56:33.858Z] Platform:      win32
[debug] [2020-10-16T09:56:33.858Z] Node Version:  v12.16.1
[debug] [2020-10-16T09:56:33.861Z] Time:          Fri Oct 16 2020 16:56:33 GMT+0700 (Indochina Time)
[debug] [2020-10-16T09:56:33.861Z] ----------------------------------------------------------------------
[debug] [2020-10-16T09:56:33.861Z] 
[info] i  Firebase optionally collects CLI usage and error reporting information to help improve our products. Data is collected in accordance with Google's privacy policy (https://policies.google.com/privacy) and is not used to identify you.
 
[info] i  To change your data collection preference at any time, run `firebase logout` and log in again. 
[info] 
[info] Visit this URL on this device to log in:
[info] https://accounts.google.com/o/oauth2/auth?client_id=563584335869-fgrhgmd47bqnekij5i8b5pr03ho849e6.apps.googleusercontent.com&scope=email%20openid%20https%3A%2F%2Fwww.googleapis.com%2Fauth%2Fcloudplatformprojects.readonly%20https%3A%2F%2Fwww.googleapis.com%2Fauth%2Ffirebase%20https%3A%2F%2Fwww.googleapis.com%2Fauth%2Fcloud-platform&response_type=code&state=590910757&redirect_uri=http%3A%2F%2Flocalhost%3A9005
[info] 
[info] Waiting for authentication...
[debug] [2020-10-16T09:56:36.768Z] Error: spawn cmd ENOENT
    at Process.ChildProcess._handle.onexit (internal/child_process.js:267:19)
    at onErrorNT (internal/child_process.js:469:16)
    at processTicksAndRejections (internal/process/task_queues.js:84:21)
[error] 
[error] Error: An unexpected error has occurred.
